<?xml version="1.0" encoding="UTF-8"?>
<testsuite xmlns:xsi="http://www.w3.org/2001/XMLSchema-instance" xsi:noNamespaceSchemaLocation="https://maven.apache.org/surefire/maven-surefire-plugin/xsd/surefire-test-report-3.0.xsd" version="3.0" name="IntervjuPiO.IntervjuPiOApplicationTests" time="4.34" tests="1" errors="0" skipped="0" failures="0">
  <properties>
[...]
</properties>
  <testcase name="contextLoads" classname="IntervjuPiO.IntervjuPiOApplicationTests" time="0.955">
    <system-out><![CDATA[14:34:54.561 [main] INFO org.springframework.test.context.support.AnnotationConfigContextLoaderUtils -- Could not detect default configuration classes for test class [IntervjuPiO.IntervjuPiOApplicationTests]: IntervjuPiOApplicationTests does not declare any static, non-private, non-final, nested classes annotated with @Configuration.
14:34:54.643 [main] INFO org.springframework.boot.test.context.SpringBootTestContextBootstrapper -- Found @SpringBootConfiguration IntervjuPiO.IntervjuPiOApplication for test class IntervjuPiO.IntervjuPiOApplicationTests

  .   ____          _            __ _ _
 /\\ / ___'_ __ _ _(_)_ __  __ _ \ \ \ \
( ( )\___ | '_ | '_| | '_ \/ _` | \ \ \ \
 \\/  ___)| |_)| | | | | || (_| |  ) ) ) )
  '  |____| .__|_| |_|_| |_\__, | / / / /
 =========|_|==============|___/=/_/_/_/
 :: Spring Boot ::                (v3.2.5)

2024-05-14T14:34:54.989+02:00  INFO 25336 --- [IntervjuPiO] [           main] I.IntervjuPiOApplicationTests            : Starting IntervjuPiOApplicationTests using Java 21.0.1 with PID 25336 (started by Nikola Knezevic in C:\Users\Nikola Knezevic\Desktop\Projects\Spring\IntervjuPiO)
2024-05-14T14:34:54.990+02:00  INFO 25336 --- [IntervjuPiO] [           main] I.IntervjuPiOApplicationTests            : No active profile set, falling back to 1 default profile: "default"
2024-05-14T14:34:55.434+02:00  INFO 25336 --- [IntervjuPiO] [           main] .s.d.r.c.RepositoryConfigurationDelegate : Multiple Spring Data modules found, entering strict repository configuration mode
2024-05-14T14:34:55.435+02:00  INFO 25336 --- [IntervjuPiO] [           main] .s.d.r.c.RepositoryConfigurationDelegate : Bootstrapping Spring Data MongoDB repositories in DEFAULT mode.
2024-05-14T14:34:55.475+02:00  INFO 25336 --- [IntervjuPiO] [           main] .s.d.r.c.RepositoryConfigurationDelegate : Finished Spring Data repository scanning in 36 ms. Found 1 MongoDB repository interface.
2024-05-14T14:34:56.169+02:00  INFO 25336 --- [IntervjuPiO] [           main] org.mongodb.driver.client                : MongoClient with metadata {"driver": {"name": "mongo-java-driver|sync", "version": "4.11.2"}, "os": {"type": "Windows", "name": "Windows 11", "architecture": "amd64", "version": "10.0"}, "platform": "Java/Oracle Corporation/21.0.1+12-LTS-29"} created with settings MongoClientSettings{readPreference=primary, writeConcern=WriteConcern{w=null, wTimeout=null ms, journal=null}, retryWrites=true, retryReads=true, readConcern=ReadConcern{level=null}, credential=MongoCredential{mechanism=null, userName='nknezevic07', source='admin', password=<hidden>, mechanismProperties=<hidden>}, transportSettings=null, streamFactoryFactory=null, commandListeners=[], codecRegistry=ProvidersCodecRegistry{codecProviders=[ValueCodecProvider{}, BsonValueCodecProvider{}, DBRefCodecProvider{}, DBObjectCodecProvider{}, DocumentCodecProvider{}, CollectionCodecProvider{}, IterableCodecProvider{}, MapCodecProvider{}, GeoJsonCodecProvider{}, GridFSFileCodecProvider{}, Jsr310CodecProvider{}, JsonObjectCodecProvider{}, BsonCodecProvider{}, EnumCodecProvider{}, com.mongodb.client.model.mql.ExpressionCodecProvider@6025d790, com.mongodb.Jep395RecordCodecProvider@af7e376, com.mongodb.KotlinCodecProvider@5dcd0cdf]}, loggerSettings=LoggerSettings{maxDocumentLength=1000}, clusterSettings={hosts=[127.0.0.1:27017], srvHost=cluster0.lknjmwl.mongodb.net, srvServiceName=mongodb, mode=MULTIPLE, requiredClusterType=REPLICA_SET, requiredReplicaSetName='atlas-11i6wl-shard-0', serverSelector='null', clusterListeners='[]', serverSelectionTimeout='30000 ms', localThreshold='15 ms'}, socketSettings=SocketSettings{connectTimeoutMS=10000, readTimeoutMS=0, receiveBufferSize=0, proxySettings=ProxySettings{host=null, port=null, username=null, password=null}}, heartbeatSocketSettings=SocketSettings{connectTimeoutMS=10000, readTimeoutMS=10000, receiveBufferSize=0, proxySettings=ProxySettings{host=null, port=null, username=null, password=null}}, connectionPoolSettings=ConnectionPoolSettings{maxSize=100, minSize=0, maxWaitTimeMS=120000, maxConnectionLifeTimeMS=0, maxConnectionIdleTimeMS=0, maintenanceInitialDelayMS=0, maintenanceFrequencyMS=60000, connectionPoolListeners=[], maxConnecting=2}, serverSettings=ServerSettings{heartbeatFrequencyMS=10000, minHeartbeatFrequencyMS=500, serverListeners='[]', serverMonitorListeners='[]'}, sslSettings=SslSettings{enabled=true, invalidHostNameAllowed=false, context=null}, applicationName='null', compressorList=[], uuidRepresentation=UNSPECIFIED, serverApi=null, autoEncryptionSettings=null, dnsClient=null, inetAddressResolver=null, contextProvider=null}
2024-05-14T14:34:56.244+02:00  INFO 25336 --- [IntervjuPiO] [mwl.mongodb.net] org.mongodb.driver.cluster               : Adding discovered server ac-mxcld2e-shard-00-00.lknjmwl.mongodb.net:27017 to client view of cluster
2024-05-14T14:34:56.270+02:00  INFO 25336 --- [IntervjuPiO] [mwl.mongodb.net] org.mongodb.driver.cluster               : Adding discovered server ac-mxcld2e-shard-00-02.lknjmwl.mongodb.net:27017 to client view of cluster
2024-05-14T14:34:56.271+02:00  INFO 25336 --- [IntervjuPiO] [mwl.mongodb.net] org.mongodb.driver.cluster               : Adding discovered server ac-mxcld2e-shard-00-01.lknjmwl.mongodb.net:27017 to client view of cluster
2024-05-14T14:34:57.353+02:00  INFO 25336 --- [IntervjuPiO] [ngodb.net:27017] org.mongodb.driver.cluster               : Monitor thread successfully connected to server with description ServerDescription{address=ac-mxcld2e-shard-00-01.lknjmwl.mongodb.net:27017, type=REPLICA_SET_PRIMARY, state=CONNECTED, ok=true, minWireVersion=0, maxWireVersion=21, maxDocumentSize=16777216, logicalSessionTimeoutMinutes=30, roundTripTimeNanos=635415100, setName='atlas-11i6wl-shard-0', canonicalAddress=ac-mxcld2e-shard-00-01.lknjmwl.mongodb.net:27017, hosts=[ac-mxcld2e-shard-00-00.lknjmwl.mongodb.net:27017, ac-mxcld2e-shard-00-02.lknjmwl.mongodb.net:27017, ac-mxcld2e-shard-00-01.lknjmwl.mongodb.net:27017], passives=[], arbiters=[], primary='ac-mxcld2e-shard-00-01.lknjmwl.mongodb.net:27017', tagSet=TagSet{[Tag{name='availabilityZone', value='euc1-az3'}, Tag{name='diskState', value='READY'}, Tag{name='nodeType', value='ELECTABLE'}, Tag{name='provider', value='AWS'}, Tag{name='region', value='EU_CENTRAL_1'}, Tag{name='workloadType', value='OPERATIONAL'}]}, electionId=7fffffff000000000000030d, setVersion=9, topologyVersion=TopologyVersion{processId=663e64dfc308fa664ea4792a, counter=6}, lastWriteDate=Tue May 14 14:34:57 CEST 2024, lastUpdateTimeNanos=2331728406850800}
2024-05-14T14:34:57.353+02:00  INFO 25336 --- [IntervjuPiO] [ngodb.net:27017] org.mongodb.driver.cluster               : Monitor thread successfully connected to server with description ServerDescription{address=ac-mxcld2e-shard-00-00.lknjmwl.mongodb.net:27017, type=REPLICA_SET_SECONDARY, state=CONNECTED, ok=true, minWireVersion=0, maxWireVersion=21, maxDocumentSize=16777216, logicalSessionTimeoutMinutes=30, roundTripTimeNanos=635393800, setName='atlas-11i6wl-shard-0', canonicalAddress=ac-mxcld2e-shard-00-00.lknjmwl.mongodb.net:27017, hosts=[ac-mxcld2e-shard-00-00.lknjmwl.mongodb.net:27017, ac-mxcld2e-shard-00-02.lknjmwl.mongodb.net:27017, ac-mxcld2e-shard-00-01.lknjmwl.mongodb.net:27017], passives=[], arbiters=[], primary='ac-mxcld2e-shard-00-01.lknjmwl.mongodb.net:27017', tagSet=TagSet{[Tag{name='availabilityZone', value='euc1-az2'}, Tag{name='diskState', value='READY'}, Tag{name='nodeType', value='ELECTABLE'}, Tag{name='provider', value='AWS'}, Tag{name='region', value='EU_CENTRAL_1'}, Tag{name='workloadType', value='OPERATIONAL'}]}, electionId=null, setVersion=9, topologyVersion=TopologyVersion{processId=663e62b7ed7793a0df0a8236, counter=4}, lastWriteDate=Tue May 14 14:34:57 CEST 2024, lastUpdateTimeNanos=2331728406837900}
2024-05-14T14:34:57.355+02:00  INFO 25336 --- [IntervjuPiO] [ngodb.net:27017] org.mongodb.driver.cluster               : Monitor thread successfully connected to server with description ServerDescription{address=ac-mxcld2e-shard-00-02.lknjmwl.mongodb.net:27017, type=REPLICA_SET_SECONDARY, state=CONNECTED, ok=true, minWireVersion=0, maxWireVersion=21, maxDocumentSize=16777216, logicalSessionTimeoutMinutes=30, roundTripTimeNanos=631048100, setName='atlas-11i6wl-shard-0', canonicalAddress=ac-mxcld2e-shard-00-02.lknjmwl.mongodb.net:27017, hosts=[ac-mxcld2e-shard-00-00.lknjmwl.mongodb.net:27017, ac-mxcld2e-shard-00-02.lknjmwl.mongodb.net:27017, ac-mxcld2e-shard-00-01.lknjmwl.mongodb.net:27017], passives=[], arbiters=[], primary='ac-mxcld2e-shard-00-01.lknjmwl.mongodb.net:27017', tagSet=TagSet{[Tag{name='availabilityZone', value='euc1-az1'}, Tag{name='diskState', value='READY'}, Tag{name='nodeType', value='ELECTABLE'}, Tag{name='provider', value='AWS'}, Tag{name='region', value='EU_CENTRAL_1'}, Tag{name='workloadType', value='OPERATIONAL'}]}, electionId=null, setVersion=9, topologyVersion=TopologyVersion{processId=663e6791b2e525cac7f4b2bc, counter=3}, lastWriteDate=Tue May 14 14:34:57 CEST 2024, lastUpdateTimeNanos=2331728407136100}
2024-05-14T14:34:57.361+02:00  INFO 25336 --- [IntervjuPiO] [ngodb.net:27017] org.mongodb.driver.cluster               : Discovered replica set primary ac-mxcld2e-shard-00-01.lknjmwl.mongodb.net:27017 with max election id 7fffffff000000000000030d and max set version 9
2024-05-14T14:34:57.768+02:00  INFO 25336 --- [IntervjuPiO] [           main] I.IntervjuPiOApplicationTests            : Started IntervjuPiOApplicationTests in 2.987 seconds (process running for 3.827)
]]></system-out>
    <system-err><![CDATA[WARNING: A Java agent has been loaded dynamically (C:\Users\Nikola Knezevic\.m2\repository\net\bytebuddy\byte-buddy-agent\1.14.13\byte-buddy-agent-1.14.13.jar)
WARNING: If a serviceability tool is in use, please run with -XX:+EnableDynamicAgentLoading to hide this warning
WARNING: If a serviceability tool is not in use, please run with -Djdk.instrument.traceUsage for more information
WARNING: Dynamic loading of agents will be disallowed by default in a future release
]]></system-err>
  </testcase>
</testsuite>